<?xml version="1.0" encoding="UTF-8"?>
<testsuite name="agh.ics.oop.GrassFieldTest" tests="5" skipped="0" failures="0" errors="0" timestamp="2021-11-25T16:19:11" hostname="DESKTOP-273CHH0" time="0.046">
  <properties/>
  <testcase name="Corners()" classname="agh.ics.oop.GrassFieldTest" time="0.039"/>
  <testcase name="canMoveTo()" classname="agh.ics.oop.GrassFieldTest" time="0.001"/>
  <testcase name="isOccupied()" classname="agh.ics.oop.GrassFieldTest" time="0.001"/>
  <testcase name="objectAt()" classname="agh.ics.oop.GrassFieldTest" time="0.0"/>
  <testcase name="place()" classname="agh.ics.oop.GrassFieldTest" time="0.001"/>
  <system-out><![CDATA[ y\x  0 1 2 3
  4: ---------
  3: |N| | | |
  2: | | | | |
  1: | | | | |
  0: | | | |N|
 -1: ---------
 y\x  0 1 2 3
  5: ---------
  4: |N| | | |
  3: | | | | |
  2: | | | | |
  1: | | | | |
  0: | | | |N|
 -1: ---------
 y\x  0 1 2 3
  5: ---------
  4: |N| | | |
  3: | | | | |
  2: | | | | |
  1: | | | | |
  0: | | | |E|
 -1: ---------
 y\x  0 1 2 3
  5: ---------
  4: |W| | | |
  3: | | | | |
  2: | | | | |
  1: | | | | |
  0: | | | |E|
 -1: ---------
 y\x  0 1 2 3 4
  5: -----------
  4: |W| | | | |
  3: | | | | | |
  2: | | | | | |
  1: | | | | | |
  0: | | | | |E|
 -1: -----------
 y\x -1 0 1 2 3 4
  5: -------------
  4: |W| | | | | |
  3: | | | | | | |
  2: | | | | | | |
  1: | | | | | | |
  0: | | | | | |E|
 -1: -------------
 y\x -1 0 1 2 3
  5: -----------
  4: |W| | | | |
  3: | | | | | |
  2: | | | | | |
  1: | | | | | |
  0: | | | | |E|
 -1: -----------
 y\x  0 1 2 3
  5: ---------
  4: |W| | | |
  3: | | | | |
  2: | | | | |
  1: | | | | |
  0: | | | |E|
 -1: ---------
]]></system-out>
  <system-err><![CDATA[]]></system-err>
</testsuite>
