<?xml version="1.0" encoding="UTF-8"?>
<testsuite name="agh.ics.oop.MapDirectionTest" tests="2" skipped="0" failures="0" errors="0" timestamp="2021-10-23T12:51:04" hostname="DESKTOP-273CHH0" time="0.024">
  <properties/>
  <testcase name="previous()" classname="agh.ics.oop.MapDirectionTest" time="0.023"/>
  <testcase name="next()" classname="agh.ics.oop.MapDirectionTest" time="0.0"/>
  <system-out><![CDATA[]]></system-out>
  <system-err><![CDATA[]]></system-err>
</testsuite>
